# JRE version: OpenJDK Runtime Environment Temurin-21.0.10+7 (21.0.10+7) (build 21.0.10+7-LTS)
# Java VM: OpenJDK 64-Bit Server VM Temurin-21.0.10+7 (21.0.10+7-LTS, mixed mode, sharing, tiered, compressed oops, compressed class ptrs, parallel gc, linux-amd64)
GC Precious Log:
 CardTable entry size: 512
 CPUs: 8 total, 8 available
 Memory: 15618M
 Large Page Support: Disabled
 NUMA Support: Disabled
 Compressed Oops: Enabled (32-bit)
 Alignments: Space 512K, Generation 512K, Heap 2M
 Heap Min Capacity: 100M
 Heap Initial Capacity: 100M
 Heap Max Capacity: 2G
 Pre-touch: Disabled
 Parallel Workers: 8
Heap:
 PSYoungGen      total 23552K, used 22130K [0x00000000d5580000, 0x00000000d7100000, 0x0000000100000000)
  eden space 22016K, 95% used [0x00000000d5580000,0x00000000d6a139d0,0x00000000d6b00000)
  from space 1536K, 69% used [0x00000000d6f00000,0x00000000d70091b8,0x00000000d7080000)
  to   space 512K, 0% used [0x00000000d7080000,0x00000000d7080000,0x00000000d7100000)
 ParOldGen       total 68608K, used 15637K [0x0000000080000000, 0x0000000084300000, 0x00000000d5580000)
  object space 68608K, 22% used [0x0000000080000000,0x0000000080f454d8,0x0000000084300000)
 Metaspace       used 30971K, committed 31872K, reserved 1114112K
  class space    used 3081K, committed 3456K, reserved 1048576K
GC Heap History (20 events):
Event: 5,415 GC heap before
{Heap before GC invocations=5 (full 0):
 PSYoungGen      total 29696K, used 29670K [0x00000000d5580000, 0x00000000d7680000, 0x0000000100000000)
  eden space 25600K, 100% used [0x00000000d5580000,0x00000000d6e80000,0x00000000d6e80000)
  from space 4096K, 99% used [0x00000000d7280000,0x00000000d7679828,0x00000000d7680000)
  to   space 4096K, 0% used [0x00000000d6e80000,0x00000000d6e80000,0x00000000d7280000)
 ParOldGen       total 68608K, used 11622K [0x0000000080000000, 0x0000000084300000, 0x00000000d5580000)
  object space 68608K, 16% used [0x0000000080000000,0x0000000080b59ad0,0x0000000084300000)
 Metaspace       used 9369K, committed 9728K, reserved 1114112K
  class space    used 960K, committed 1152K, reserved 1048576K
}
Event: 5,454 GC heap after
{Heap after GC invocations=5 (full 0):
 PSYoungGen      total 29184K, used 4070K [0x00000000d5580000, 0x00000000d7f00000, 0x0000000100000000)
  eden space 25088K, 0% used [0x00000000d5580000,0x00000000d5580000,0x00000000d6e00000)
  from space 4096K, 99% used [0x00000000d6e80000,0x00000000d7279820,0x00000000d7280000)
  to   space 8704K, 0% used [0x00000000d7680000,0x00000000d7680000,0x00000000d7f00000)
 ParOldGen       total 68608K, used 15071K [0x0000000080000000, 0x0000000084300000, 0x00000000d5580000)
  object space 68608K, 21% used [0x0000000080000000,0x0000000080eb7d10,0x0000000084300000)
 Metaspace       used 9369K, committed 9728K, reserved 1114112K
  class space    used 960K, committed 1152K, reserved 1048576K
}
Event: 6,788 GC heap before
{Heap before GC invocations=6 (full 0):
 PSYoungGen      total 29184K, used 29158K [0x00000000d5580000, 0x00000000d7f00000, 0x0000000100000000)
  eden space 25088K, 100% used [0x00000000d5580000,0x00000000d6e00000,0x00000000d6e00000)
  from space 4096K, 99% used [0x00000000d6e80000,0x00000000d7279820,0x00000000d7280000)
  to   space 8704K, 0% used [0x00000000d7680000,0x00000000d7680000,0x00000000d7f00000)
 ParOldGen       total 68608K, used 15071K [0x0000000080000000, 0x0000000084300000, 0x00000000d5580000)
  object space 68608K, 21% used [0x0000000080000000,0x0000000080eb7d10,0x0000000084300000)
 Metaspace       used 10127K, committed 10368K, reserved 1114112K
  class space    used 1044K, committed 1152K, reserved 1048576K
}
Event: 6,850 GC heap after
{Heap after GC invocations=6 (full 0):
 PSYoungGen      total 33280K, used 8343K [0x00000000d5580000, 0x00000000d7f00000, 0x0000000100000000)
  eden space 24576K, 0% used [0x00000000d5580000,0x00000000d5580000,0x00000000d6d80000)
  from space 8704K, 95% used [0x00000000d7680000,0x00000000d7ea5ca8,0x00000000d7f00000)
  to   space 8704K, 0% used [0x00000000d6e00000,0x00000000d6e00000,0x00000000d7680000)
 ParOldGen       total 68608K, used 15079K [0x0000000080000000, 0x0000000084300000, 0x00000000d5580000)
  object space 68608K, 21% used [0x0000000080000000,0x0000000080eb9d10,0x0000000084300000)
 Metaspace       used 10127K, committed 10368K, reserved 1114112K
  class space    used 1044K, committed 1152K, reserved 1048576K
}
Event: 9,492 GC heap before
{Heap before GC invocations=7 (full 0):
 PSYoungGen      total 33280K, used 32919K [0x00000000d5580000, 0x00000000d7f00000, 0x0000000100000000)
  eden space 24576K, 100% used [0x00000000d5580000,0x00000000d6d80000,0x00000000d6d80000)
  from space 8704K, 95% used [0x00000000d7680000,0x00000000d7ea5ca8,0x00000000d7f00000)
  to   space 8704K, 0% used [0x00000000d6e00000,0x00000000d6e00000,0x00000000d7680000)
 ParOldGen       total 68608K, used 15079K [0x0000000080000000, 0x0000000084300000, 0x00000000d5580000)
  object space 68608K, 21% used [0x0000000080000000,0x0000000080eb9d10,0x0000000084300000)
 Metaspace       used 13049K, committed 13440K, reserved 1114112K
  class space    used 1359K, committed 1536K, reserved 1048576K
}
Event: 9,535 GC heap after
{Heap after GC invocations=7 (full 0):
 PSYoungGen      total 29696K, used 5358K [0x00000000d5580000, 0x00000000d7a00000, 0x0000000100000000)
  eden space 24064K, 0% used [0x00000000d5580000,0x00000000d5580000,0x00000000d6d00000)
  from space 5632K, 95% used [0x00000000d6e00000,0x00000000d733b908,0x00000000d7380000)
  to   space 6656K, 0% used [0x00000000d7380000,0x00000000d7380000,0x00000000d7a00000)
 ParOldGen       total 68608K, used 18233K [0x0000000080000000, 0x0000000084300000, 0x00000000d5580000)
  object space 68608K, 26% used [0x0000000080000000,0x00000000811ce650,0x0000000084300000)
 Metaspace       used 13049K, committed 13440K, reserved 1114112K
  class space    used 1359K, committed 1536K, reserved 1048576K
}
Event: 11,026 GC heap before
{Heap before GC invocations=8 (full 0):
 PSYoungGen      total 29696K, used 29379K [0x00000000d5580000, 0x00000000d7a00000, 0x0000000100000000)
  eden space 24064K, 99% used [0x00000000d5580000,0x00000000d6cf5390,0x00000000d6d00000)
  from space 5632K, 95% used [0x00000000d6e00000,0x00000000d733b908,0x00000000d7380000)
  to   space 6656K, 0% used [0x00000000d7380000,0x00000000d7380000,0x00000000d7a00000)
 ParOldGen       total 68608K, used 18233K [0x0000000080000000, 0x0000000084300000, 0x00000000d5580000)
  object space 68608K, 26% used [0x0000000080000000,0x00000000811ce650,0x0000000084300000)
 Metaspace       used 15848K, committed 16448K, reserved 1114112K
  class space    used 1599K, committed 1856K, reserved 1048576K
}
Event: 11,054 GC heap after
{Heap after GC invocations=8 (full 0):
 PSYoungGen      total 29696K, used 6132K [0x00000000d5580000, 0x00000000d7980000, 0x0000000100000000)
  eden space 23552K, 0% used [0x00000000d5580000,0x00000000d5580000,0x00000000d6c80000)
  from space 6144K, 99% used [0x00000000d7380000,0x00000000d797d118,0x00000000d7980000)
  to   space 6656K, 0% used [0x00000000d6c80000,0x00000000d6c80000,0x00000000d7300000)
 ParOldGen       total 68608K, used 18761K [0x0000000080000000, 0x0000000084300000, 0x00000000d5580000)
  object space 68608K, 27% used [0x0000000080000000,0x0000000081252698,0x0000000084300000)
 Metaspace       used 15848K, committed 16448K, reserved 1114112K
  class space    used 1599K, committed 1856K, reserved 1048576K
}
Event: 13,018 GC heap before
{Heap before GC invocations=9 (full 0):
 PSYoungGen      total 29696K, used 29684K [0x00000000d5580000, 0x00000000d7980000, 0x0000000100000000)
  eden space 23552K, 100% used [0x00000000d5580000,0x00000000d6c80000,0x00000000d6c80000)
  from space 6144K, 99% used [0x00000000d7380000,0x00000000d797d118,0x00000000d7980000)
  to   space 6656K, 0% used [0x00000000d6c80000,0x00000000d6c80000,0x00000000d7300000)
 ParOldGen       total 68608K, used 18761K [0x0000000080000000, 0x0000000084300000, 0x00000000d5580000)
  object space 68608K, 27% used [0x0000000080000000,0x0000000081252698,0x0000000084300000)
 Metaspace       used 18718K, committed 19392K, reserved 1114112K
  class space    used 1913K, committed 2176K, reserved 1048576K
}
Event: 13,043 GC heap after
{Heap after GC invocations=9 (full 0):
 PSYoungGen      total 27648K, used 4532K [0x00000000d5580000, 0x00000000d7700000, 0x0000000100000000)
  eden space 23040K, 0% used [0x00000000d5580000,0x00000000d5580000,0x00000000d6c00000)
  from space 4608K, 98% used [0x00000000d6c80000,0x00000000d70ed150,0x00000000d7100000)
  to   space 5632K, 0% used [0x00000000d7180000,0x00000000d7180000,0x00000000d7700000)
 ParOldGen       total 68608K, used 20707K [0x0000000080000000, 0x0000000084300000, 0x00000000d5580000)
  object space 68608K, 30% used [0x0000000080000000,0x0000000081438fb8,0x0000000084300000)
 Metaspace       used 18718K, committed 19392K, reserved 1114112K
  class space    used 1913K, committed 2176K, reserved 1048576K
}
Event: 13,755 GC heap before
{Heap before GC invocations=10 (full 0):
 PSYoungGen      total 27648K, used 24687K [0x00000000d5580000, 0x00000000d7700000, 0x0000000100000000)
  eden space 23040K, 87% used [0x00000000d5580000,0x00000000d692eaf8,0x00000000d6c00000)
  from space 4608K, 98% used [0x00000000d6c80000,0x00000000d70ed150,0x00000000d7100000)
  to   space 5632K, 0% used [0x00000000d7180000,0x00000000d7180000,0x00000000d7700000)
 ParOldGen       total 68608K, used 20707K [0x0000000080000000, 0x0000000084300000, 0x00000000d5580000)
  object space 68608K, 30% used [0x0000000080000000,0x0000000081438fb8,0x0000000084300000)
 Metaspace       used 20811K, committed 21504K, reserved 1114112K
  class space    used 2130K, committed 2432K, reserved 1048576K
}
Event: 13,765 GC heap after
{Heap after GC invocations=10 (full 0):
 PSYoungGen      total 25600K, used 2371K [0x00000000d5580000, 0x00000000d7400000, 0x0000000100000000)
  eden space 23040K, 0% used [0x00000000d5580000,0x00000000d5580000,0x00000000d6c00000)
  from space 2560K, 92% used [0x00000000d7180000,0x00000000d73d0d58,0x00000000d7400000)
  to   space 3584K, 0% used [0x00000000d6d00000,0x00000000d6d00000,0x00000000d7080000)
 ParOldGen       total 68608K, used 23877K [0x0000000080000000, 0x0000000084300000, 0x00000000d5580000)
  object space 68608K, 34% used [0x0000000080000000,0x0000000081751640,0x0000000084300000)
 Metaspace       used 20811K, committed 21504K, reserved 1114112K
  class space    used 2130K, committed 2432K, reserved 1048576K
}
Event: 13,765 GC heap before
{Heap before GC invocations=11 (full 1):
 PSYoungGen      total 25600K, used 2371K [0x00000000d5580000, 0x00000000d7400000, 0x0000000100000000)
  eden space 23040K, 0% used [0x00000000d5580000,0x00000000d5580000,0x00000000d6c00000)
  from space 2560K, 92% used [0x00000000d7180000,0x00000000d73d0d58,0x00000000d7400000)
  to   space 3584K, 0% used [0x00000000d6d00000,0x00000000d6d00000,0x00000000d7080000)
 ParOldGen       total 68608K, used 23877K [0x0000000080000000, 0x0000000084300000, 0x00000000d5580000)
  object space 68608K, 34% used [0x0000000080000000,0x0000000081751640,0x0000000084300000)
 Metaspace       used 20811K, committed 21504K, reserved 1114112K
  class space    used 2130K, committed 2432K, reserved 1048576K
}
Event: 13,874 GC heap after
{Heap after GC invocations=11 (full 1):
 PSYoungGen      total 25600K, used 0K [0x00000000d5580000, 0x00000000d7400000, 0x0000000100000000)
  eden space 23040K, 0% used [0x00000000d5580000,0x00000000d5580000,0x00000000d6c00000)
  from space 2560K, 0% used [0x00000000d7180000,0x00000000d7180000,0x00000000d7400000)
  to   space 3584K, 0% used [0x00000000d6d00000,0x00000000d6d00000,0x00000000d7080000)
 ParOldGen       total 68608K, used 13646K [0x0000000080000000, 0x0000000084300000, 0x00000000d5580000)
  object space 68608K, 19% used [0x0000000080000000,0x0000000080d53980,0x0000000084300000)
 Metaspace       used 20798K, committed 21504K, reserved 1114112K
  class space    used 2127K, committed 2432K, reserved 1048576K
}
Event: 14,185 GC heap before
{Heap before GC invocations=12 (full 1):
 PSYoungGen      total 25600K, used 23040K [0x00000000d5580000, 0x00000000d7400000, 0x0000000100000000)
  eden space 23040K, 100% used [0x00000000d5580000,0x00000000d6c00000,0x00000000d6c00000)
  from space 2560K, 0% used [0x00000000d7180000,0x00000000d7180000,0x00000000d7400000)
  to   space 3584K, 0% used [0x00000000d6d00000,0x00000000d6d00000,0x00000000d7080000)
 ParOldGen       total 68608K, used 13646K [0x0000000080000000, 0x0000000084300000, 0x00000000d5580000)
  object space 68608K, 19% used [0x0000000080000000,0x0000000080d53980,0x0000000084300000)
 Metaspace       used 23069K, committed 23808K, reserved 1114112K
  class space    used 2276K, committed 2624K, reserved 1048576K
}
Event: 14,187 GC heap after
{Heap after GC invocations=12 (full 1):
 PSYoungGen      total 26112K, used 224K [0x00000000d5580000, 0x00000000d7200000, 0x0000000100000000)
  eden space 22528K, 0% used [0x00000000d5580000,0x00000000d5580000,0x00000000d6b80000)
  from space 3584K, 6% used [0x00000000d6d00000,0x00000000d6d38000,0x00000000d7080000)
  to   space 1536K, 0% used [0x00000000d7080000,0x00000000d7080000,0x00000000d7200000)
 ParOldGen       total 68608K, used 13646K [0x0000000080000000, 0x0000000084300000, 0x00000000d5580000)
  object space 68608K, 19% used [0x0000000080000000,0x0000000080d53980,0x0000000084300000)
 Metaspace       used 23069K, committed 23808K, reserved 1114112K
  class space    used 2276K, committed 2624K, reserved 1048576K
}
Event: 14,523 GC heap before
{Heap before GC invocations=13 (full 1):
 PSYoungGen      total 26112K, used 22752K [0x00000000d5580000, 0x00000000d7200000, 0x0000000100000000)
  eden space 22528K, 100% used [0x00000000d5580000,0x00000000d6b80000,0x00000000d6b80000)
  from space 3584K, 6% used [0x00000000d6d00000,0x00000000d6d38000,0x00000000d7080000)
  to   space 1536K, 0% used [0x00000000d7080000,0x00000000d7080000,0x00000000d7200000)
 ParOldGen       total 68608K, used 13646K [0x0000000080000000, 0x0000000084300000, 0x00000000d5580000)
  object space 68608K, 19% used [0x0000000080000000,0x0000000080d53980,0x0000000084300000)
 Metaspace       used 25793K, committed 26560K, reserved 1114112K
  class space    used 2483K, committed 2816K, reserved 1048576K
}
Event: 14,528 GC heap after
{Heap after GC invocations=13 (full 1):
 PSYoungGen      total 23552K, used 1275K [0x00000000d5580000, 0x00000000d7200000, 0x0000000100000000)
  eden space 22016K, 0% used [0x00000000d5580000,0x00000000d5580000,0x00000000d6b00000)
  from space 1536K, 83% used [0x00000000d7080000,0x00000000d71beda0,0x00000000d7200000)
  to   space 1536K, 0% used [0x00000000d6f00000,0x00000000d6f00000,0x00000000d7080000)
 ParOldGen       total 68608K, used 14523K [0x0000000080000000, 0x0000000084300000, 0x00000000d5580000)
  object space 68608K, 21% used [0x0000000080000000,0x0000000080e2ee90,0x0000000084300000)
 Metaspace       used 25793K, committed 26560K, reserved 1114112K
  class space    used 2483K, committed 2816K, reserved 1048576K
}
Event: 14,883 GC heap before
{Heap before GC invocations=14 (full 1):
 PSYoungGen      total 23552K, used 23291K [0x00000000d5580000, 0x00000000d7200000, 0x0000000100000000)
  eden space 22016K, 100% used [0x00000000d5580000,0x00000000d6b00000,0x00000000d6b00000)
  from space 1536K, 83% used [0x00000000d7080000,0x00000000d71beda0,0x00000000d7200000)
  to   space 1536K, 0% used [0x00000000d6f00000,0x00000000d6f00000,0x00000000d7080000)
 ParOldGen       total 68608K, used 14523K [0x0000000080000000, 0x0000000084300000, 0x00000000d5580000)
  object space 68608K, 21% used [0x0000000080000000,0x0000000080e2ee90,0x0000000084300000)
 Metaspace       used 27600K, committed 28416K, reserved 1114112K
  class space    used 2654K, committed 3008K, reserved 1048576K
}
Event: 14,890 GC heap after
{Heap after GC invocations=14 (full 1):
 PSYoungGen      total 23552K, used 1060K [0x00000000d5580000, 0x00000000d7100000, 0x0000000100000000)
  eden space 22016K, 0% used [0x00000000d5580000,0x00000000d5580000,0x00000000d6b00000)
  from space 1536K, 69% used [0x00000000d6f00000,0x00000000d70091b8,0x00000000d7080000)
  to   space 512K, 0% used [0x00000000d7080000,0x00000000d7080000,0x00000000d7100000)
 ParOldGen       total 68608K, used 15637K [0x0000000080000000, 0x0000000084300000, 0x00000000d5580000)
  object space 68608K, 22% used [0x0000000080000000,0x0000000080f454d8,0x0000000084300000)
 Metaspace       used 27600K, committed 28416K, reserved 1114112K
  class space    used 2654K, committed 3008K, reserved 1048576K
}

